[debug] [2025-12-12T14:51:07.748Z] ----------------------------------------------------------------------
[debug] [2025-12-12T14:51:07.749Z] Command:       /usr/local/bin/node /usr/local/bin/firebase init hosting
[debug] [2025-12-12T14:51:07.749Z] CLI Version:   15.0.0
[debug] [2025-12-12T14:51:07.749Z] Platform:      darwin
[debug] [2025-12-12T14:51:07.749Z] Node Version:  v24.11.1
[debug] [2025-12-12T14:51:07.749Z] Time:          Fri Dec 12 2025 20:21:07 GMT+0530 (India Standard Time)
[debug] [2025-12-12T14:51:07.749Z] ----------------------------------------------------------------------
[debug] 
[info] 
     ######## #### ########  ######## ########     ###     ######  ########
     ##        ##  ##     ## ##       ##     ##  ##   ##  ##       ##
     ######    ##  ########  ######   ########  #########  ######  ######
     ##        ##  ##    ##  ##       ##     ## ##     ##       ## ##
     ##       #### ##     ## ######## ########  ##     ##  ######  ########

You're about to initialize a Firebase project in this directory:

  /Users/ajaysharma/Documents/Project/IncomeDashboard

Before we get started, keep in mind:

  * You are initializing within an existing Firebase project directory

[info] 
=== Project Setup
[info] 
[info] First, let's associate this project directory with a Firebase project.
[info] You can create multiple project aliases by running firebase use --add, 
[info] 
[debug] [2025-12-12T14:51:08.264Z] > command requires scopes: ["email","openid","https://www.googleapis.com/auth/cloudplatformprojects.readonly","https://www.googleapis.com/auth/firebase","https://www.googleapis.com/auth/cloud-platform"]
[debug] [2025-12-12T14:51:08.264Z] > authorizing via signed-in user (ajsharma.here@gmail.com)
[debug] [2025-12-12T14:51:08.265Z] Checked if tokens are valid: true, expires at: 1765553050870
[debug] [2025-12-12T14:51:08.265Z] Checked if tokens are valid: true, expires at: 1765553050870
[debug] [2025-12-12T14:51:08.265Z] >>> [apiv2][query] GET https://firebase.googleapis.com/v1beta1/projects/income-dashboard-fd91b [none]
[debug] [2025-12-12T14:51:09.190Z] <<< [apiv2][status] GET https://firebase.googleapis.com/v1beta1/projects/income-dashboard-fd91b 200
[debug] [2025-12-12T14:51:09.190Z] <<< [apiv2][body] GET https://firebase.googleapis.com/v1beta1/projects/income-dashboard-fd91b {"projectId":"income-dashboard-fd91b","projectNumber":"677724665256","displayName":"Income-dashboard","name":"projects/income-dashboard-fd91b","resources":{"hostingSite":"income-dashboard-fd91b"},"state":"ACTIVE","etag":"1_97ede98e-6d25-494d-a0a2-a1191dbe17a6"}
[info] i  Using project income-dashboard-fd91b (Income-dashboard) . 
[info] 
=== Hosting Setup
[debug] [2025-12-12T14:51:09.202Z] Checked if tokens are valid: true, expires at: 1765553050870
[debug] [2025-12-12T14:51:09.202Z] Checked if tokens are valid: true, expires at: 1765553050870
[debug] [2025-12-12T14:51:09.203Z] >>> [apiv2][query] GET https://firebase.googleapis.com/v1beta1/projects/income-dashboard-fd91b [none]
[debug] [2025-12-12T14:51:09.860Z] <<< [apiv2][status] GET https://firebase.googleapis.com/v1beta1/projects/income-dashboard-fd91b 200
[debug] [2025-12-12T14:51:09.860Z] <<< [apiv2][body] GET https://firebase.googleapis.com/v1beta1/projects/income-dashboard-fd91b {"projectId":"income-dashboard-fd91b","projectNumber":"677724665256","displayName":"Income-dashboard","name":"projects/income-dashboard-fd91b","resources":{"hostingSite":"income-dashboard-fd91b"},"state":"ACTIVE","etag":"1_97ede98e-6d25-494d-a0a2-a1191dbe17a6"}
[info] 
[info] Your public directory is the folder (relative to your project directory) that
[info] will contain Hosting assets to be uploaded with firebase deploy. If you
[info] have a build process for your assets, use your build's output directory.
[info] 
